2024-12-14 19:13:35,329 - INFO - [31m[1mWARNING: This is a development server. Do not use it in a production deployment. Use a production WSGI server instead.[0m
 * Running on http://127.0.0.1:5000
2024-12-14 19:13:35,329 - INFO - [33mPress CTRL+C to quit[0m
2024-12-14 19:13:35,330 - INFO -  * Restarting with stat
2024-12-14 19:13:35,577 - WARNING -  * Debugger is active!
2024-12-14 19:13:35,581 - INFO -  * Debugger PIN: 874-730-413
2024-12-14 19:13:51,134 - INFO - 127.0.0.1 - - [14/Dec/2024 19:13:51] "[35m[1mPOST /logging_method HTTP/1.1[0m" 500 -
2024-12-14 19:14:11,802 - INFO -  * Detected change in 'C:\\GitHub\\studentManagementapi\\student_management.py', reloading
2024-12-14 19:14:11,829 - INFO -  * Restarting with stat
2024-12-14 19:14:12,075 - WARNING -  * Debugger is active!
2024-12-14 19:14:12,079 - INFO -  * Debugger PIN: 874-730-413
2024-12-14 19:14:47,355 - INFO - Login attempt for user code_with_debashis
2024-12-14 19:14:47,355 - INFO - User code_with_debashis logged in successfully
2024-12-14 19:14:47,355 - INFO - 127.0.0.1 - - [14/Dec/2024 19:14:47] "POST /logging_method HTTP/1.1" 200 -
2024-12-14 19:22:36,669 - INFO -  * Detected change in 'C:\\GitHub\\studentManagementapi\\student_management.py', reloading
2024-12-14 19:22:36,697 - INFO -  * Restarting with stat
2024-12-14 19:22:36,951 - WARNING -  * Debugger is active!
2024-12-14 19:22:36,954 - INFO -  * Debugger PIN: 874-730-413
2024-12-14 19:28:03,693 - INFO -  * Detected change in 'C:\\GitHub\\studentManagementapi\\student_management.py', reloading
2024-12-14 19:28:03,735 - INFO -  * Restarting with stat
2024-12-14 19:28:03,988 - WARNING -  * Debugger is active!
2024-12-14 19:28:03,992 - INFO -  * Debugger PIN: 874-730-413
